# JRE version: OpenJDK Runtime Environment (17.0.11) (build 17.0.11+0--11852314)
# Java VM: OpenJDK 64-Bit Server VM (17.0.11+0--11852314, mixed mode, tiered, compressed oops, compressed class ptrs, g1 gc, windows-amd64)
GC Precious Log:
 CPUs: 12 total, 12 available
 Memory: 14188M
 Large Page Support: Disabled
 NUMA Support: Disabled
 Compressed Oops: Enabled (32-bit)
 Heap Region Size: 1M
 Heap Min Capacity: 8M
 Heap Initial Capacity: 222M
 Heap Max Capacity: 2G
 Pre-touch: Disabled
 Parallel Workers: 10
 Concurrent Workers: 3
 Concurrent Refinement Workers: 10
 Periodic GC: Disabled
Heap:
 garbage-first heap   total 229376K, used 175945K [0x0000000080000000, 0x0000000100000000)
  region size 1024K, 12 young (12288K), 6 survivors (6144K)
 Metaspace       used 130234K, committed 131328K, reserved 1179648K
  class space    used 18623K, committed 19136K, reserved 1048576K
GC Heap History (20 events):
Event: 12.682 GC heap before
{Heap before GC invocations=42 (full 0):
 garbage-first heap   total 184320K, used 152330K [0x0000000080000000, 0x0000000100000000)
  region size 1024K, 50 young (51200K), 5 survivors (5120K)
 Metaspace       used 101757K, committed 102528K, reserved 1179648K
  class space    used 14217K, committed 14592K, reserved 1048576K
}
Event: 12.686 GC heap after
{Heap after GC invocations=43 (full 0):
 garbage-first heap   total 184320K, used 108554K [0x0000000080000000, 0x0000000100000000)
  region size 1024K, 5 young (5120K), 5 survivors (5120K)
 Metaspace       used 101757K, committed 102528K, reserved 1179648K
  class space    used 14217K, committed 14592K, reserved 1048576K
}
Event: 12.863 GC heap before
{Heap before GC invocations=43 (full 0):
 garbage-first heap   total 184320K, used 151562K [0x0000000080000000, 0x0000000100000000)
  region size 1024K, 48 young (49152K), 5 survivors (5120K)
 Metaspace       used 101911K, committed 102720K, reserved 1179648K
  class space    used 14226K, committed 14592K, reserved 1048576K
}
Event: 12.867 GC heap after
{Heap after GC invocations=44 (full 0):
 garbage-first heap   total 184320K, used 110301K [0x0000000080000000, 0x0000000100000000)
  region size 1024K, 5 young (5120K), 5 survivors (5120K)
 Metaspace       used 101911K, committed 102720K, reserved 1179648K
  class space    used 14226K, committed 14592K, reserved 1048576K
}
Event: 13.019 GC heap before
{Heap before GC invocations=44 (full 0):
 garbage-first heap   total 184320K, used 151261K [0x0000000080000000, 0x0000000100000000)
  region size 1024K, 46 young (47104K), 5 survivors (5120K)
 Metaspace       used 101986K, committed 102720K, reserved 1179648K
  class space    used 14229K, committed 14592K, reserved 1048576K
}
Event: 13.023 GC heap after
{Heap after GC invocations=45 (full 0):
 garbage-first heap   total 221184K, used 111578K [0x0000000080000000, 0x0000000100000000)
  region size 1024K, 5 young (5120K), 5 survivors (5120K)
 Metaspace       used 101986K, committed 102720K, reserved 1179648K
  class space    used 14229K, committed 14592K, reserved 1048576K
}
Event: 953.360 GC heap before
{Heap before GC invocations=45 (full 0):
 garbage-first heap   total 221184K, used 181210K [0x0000000080000000, 0x0000000100000000)
  region size 1024K, 74 young (75776K), 5 survivors (5120K)
 Metaspace       used 103492K, committed 104320K, reserved 1179648K
  class space    used 14419K, committed 14848K, reserved 1048576K
}
Event: 953.440 GC heap after
{Heap after GC invocations=46 (full 0):
 garbage-first heap   total 221184K, used 113448K [0x0000000080000000, 0x0000000100000000)
  region size 1024K, 6 young (6144K), 6 survivors (6144K)
 Metaspace       used 103492K, committed 104320K, reserved 1179648K
  class space    used 14419K, committed 14848K, reserved 1048576K
}
Event: 955.660 GC heap before
{Heap before GC invocations=46 (full 0):
 garbage-first heap   total 221184K, used 180008K [0x0000000080000000, 0x0000000100000000)
  region size 1024K, 71 young (72704K), 6 survivors (6144K)
 Metaspace       used 104236K, committed 105152K, reserved 1179648K
  class space    used 14444K, committed 14912K, reserved 1048576K
}
Event: 955.734 GC heap after
{Heap after GC invocations=47 (full 0):
 garbage-first heap   total 221184K, used 122542K [0x0000000080000000, 0x0000000100000000)
  region size 1024K, 9 young (9216K), 9 survivors (9216K)
 Metaspace       used 104236K, committed 105152K, reserved 1179648K
  class space    used 14444K, committed 14912K, reserved 1048576K
}
Event: 958.001 GC heap before
{Heap before GC invocations=47 (full 0):
 garbage-first heap   total 221184K, used 180910K [0x0000000080000000, 0x0000000100000000)
  region size 1024K, 67 young (68608K), 9 survivors (9216K)
 Metaspace       used 108330K, committed 109248K, reserved 1179648K
  class space    used 14998K, committed 15488K, reserved 1048576K
}
Event: 958.034 GC heap after
{Heap after GC invocations=48 (full 0):
 garbage-first heap   total 221184K, used 128746K [0x0000000080000000, 0x0000000100000000)
  region size 1024K, 6 young (6144K), 6 survivors (6144K)
 Metaspace       used 108330K, committed 109248K, reserved 1179648K
  class space    used 14998K, committed 15488K, reserved 1048576K
}
Event: 965.404 GC heap before
{Heap before GC invocations=48 (full 0):
 garbage-first heap   total 221184K, used 186090K [0x0000000080000000, 0x0000000100000000)
  region size 1024K, 58 young (59392K), 6 survivors (6144K)
 Metaspace       used 113533K, committed 114432K, reserved 1179648K
  class space    used 15713K, committed 16192K, reserved 1048576K
}
Event: 965.417 GC heap after
{Heap after GC invocations=49 (full 0):
 garbage-first heap   total 221184K, used 131979K [0x0000000080000000, 0x0000000100000000)
  region size 1024K, 3 young (3072K), 3 survivors (3072K)
 Metaspace       used 113533K, committed 114432K, reserved 1179648K
  class space    used 15713K, committed 16192K, reserved 1048576K
}
Event: 966.107 GC heap before
{Heap before GC invocations=49 (full 0):
 garbage-first heap   total 221184K, used 184203K [0x0000000080000000, 0x0000000100000000)
  region size 1024K, 55 young (56320K), 3 survivors (3072K)
 Metaspace       used 120250K, committed 121216K, reserved 1179648K
  class space    used 16865K, committed 17344K, reserved 1048576K
}
Event: 966.111 GC heap after
{Heap after GC invocations=50 (full 0):
 garbage-first heap   total 221184K, used 133010K [0x0000000080000000, 0x0000000100000000)
  region size 1024K, 4 young (4096K), 4 survivors (4096K)
 Metaspace       used 120250K, committed 121216K, reserved 1179648K
  class space    used 16865K, committed 17344K, reserved 1048576K
}
Event: 966.590 GC heap before
{Heap before GC invocations=50 (full 0):
 garbage-first heap   total 221184K, used 186258K [0x0000000080000000, 0x0000000100000000)
  region size 1024K, 57 young (58368K), 4 survivors (4096K)
 Metaspace       used 126474K, committed 127488K, reserved 1179648K
  class space    used 18020K, committed 18496K, reserved 1048576K
}
Event: 966.594 GC heap after
{Heap after GC invocations=51 (full 0):
 garbage-first heap   total 221184K, used 134202K [0x0000000080000000, 0x0000000100000000)
  region size 1024K, 6 young (6144K), 6 survivors (6144K)
 Metaspace       used 126474K, committed 127488K, reserved 1179648K
  class space    used 18020K, committed 18496K, reserved 1048576K
}
Event: 967.421 GC heap before
{Heap before GC invocations=51 (full 0):
 garbage-first heap   total 221184K, used 199738K [0x0000000080000000, 0x0000000100000000)
  region size 1024K, 52 young (53248K), 6 survivors (6144K)
 Metaspace       used 130040K, committed 131008K, reserved 1179648K
  class space    used 18596K, committed 19072K, reserved 1048576K
}
Event: 967.434 GC heap after
{Heap after GC invocations=52 (full 0):
 garbage-first heap   total 221184K, used 156489K [0x0000000080000000, 0x0000000100000000)
  region size 1024K, 6 young (6144K), 6 survivors (6144K)
 Metaspace       used 130040K, committed 131008K, reserved 1179648K
  class space    used 18596K, committed 19072K, reserved 1048576K
}

