# JRE version: OpenJDK Runtime Environment (17.0.11) (build 17.0.11+0--11852314)
# Java VM: OpenJDK 64-Bit Server VM (17.0.11+0--11852314, mixed mode, tiered, compressed oops, compressed class ptrs, g1 gc, windows-amd64)
GC Precious Log:
 CPUs: 12 total, 12 available
 Memory: 14188M
 Large Page Support: Disabled
 NUMA Support: Disabled
 Compressed Oops: Enabled (32-bit)
 Heap Region Size: 1M
 Heap Min Capacity: 8M
 Heap Initial Capacity: 222M
 Heap Max Capacity: 2G
 Pre-touch: Disabled
 Parallel Workers: 10
 Concurrent Workers: 3
 Concurrent Refinement Workers: 10
 Periodic GC: Disabled
Heap:
 garbage-first heap   total 227328K, used 108938K [0x0000000080000000, 0x0000000100000000)
  region size 1024K, 5 young (5120K), 5 survivors (5120K)
 Metaspace       used 101892K, committed 102656K, reserved 1179648K
  class space    used 14222K, committed 14592K, reserved 1048576K
GC Heap History (20 events):
Event: 10.849 GC heap after
{Heap after GC invocations=41 (full 0):
 garbage-first heap   total 176128K, used 87814K [0x0000000080000000, 0x0000000100000000)
  region size 1024K, 2 young (2048K), 2 survivors (2048K)
 Metaspace       used 82683K, committed 83328K, reserved 1179648K
  class space    used 11260K, committed 11584K, reserved 1048576K
}
Event: 11.493 GC heap before
{Heap before GC invocations=41 (full 0):
 garbage-first heap   total 176128K, used 142086K [0x0000000080000000, 0x0000000100000000)
  region size 1024K, 54 young (55296K), 2 survivors (2048K)
 Metaspace       used 86458K, committed 87104K, reserved 1179648K
  class space    used 11979K, committed 12288K, reserved 1048576K
}
Event: 11.495 GC heap after
{Heap after GC invocations=42 (full 0):
 garbage-first heap   total 176128K, used 88984K [0x0000000080000000, 0x0000000100000000)
  region size 1024K, 4 young (4096K), 4 survivors (4096K)
 Metaspace       used 86458K, committed 87104K, reserved 1179648K
  class space    used 11979K, committed 12288K, reserved 1048576K
}
Event: 12.107 GC heap before
{Heap before GC invocations=42 (full 0):
 garbage-first heap   total 176128K, used 143256K [0x0000000080000000, 0x0000000100000000)
  region size 1024K, 57 young (58368K), 4 survivors (4096K)
 Metaspace       used 90153K, committed 90816K, reserved 1179648K
  class space    used 12517K, committed 12864K, reserved 1048576K
}
Event: 12.111 GC heap after
{Heap after GC invocations=43 (full 0):
 garbage-first heap   total 176128K, used 91408K [0x0000000080000000, 0x0000000100000000)
  region size 1024K, 6 young (6144K), 6 survivors (6144K)
 Metaspace       used 90153K, committed 90816K, reserved 1179648K
  class space    used 12517K, committed 12864K, reserved 1048576K
}
Event: 12.731 GC heap before
{Heap before GC invocations=44 (full 0):
 garbage-first heap   total 176128K, used 144656K [0x0000000080000000, 0x0000000100000000)
  region size 1024K, 58 young (59392K), 6 survivors (6144K)
 Metaspace       used 94173K, committed 94848K, reserved 1179648K
  class space    used 13170K, committed 13504K, reserved 1048576K
}
Event: 12.736 GC heap after
{Heap after GC invocations=45 (full 0):
 garbage-first heap   total 176128K, used 93779K [0x0000000080000000, 0x0000000100000000)
  region size 1024K, 5 young (5120K), 5 survivors (5120K)
 Metaspace       used 94173K, committed 94848K, reserved 1179648K
  class space    used 13170K, committed 13504K, reserved 1048576K
}
Event: 12.778 GC heap before
{Heap before GC invocations=45 (full 0):
 garbage-first heap   total 176128K, used 96851K [0x0000000080000000, 0x0000000100000000)
  region size 1024K, 8 young (8192K), 5 survivors (5120K)
 Metaspace       used 94418K, committed 95104K, reserved 1179648K
  class space    used 13204K, committed 13504K, reserved 1048576K
}
Event: 12.782 GC heap after
{Heap after GC invocations=46 (full 0):
 garbage-first heap   total 176128K, used 93395K [0x0000000080000000, 0x0000000100000000)
  region size 1024K, 1 young (1024K), 1 survivors (1024K)
 Metaspace       used 94418K, committed 95104K, reserved 1179648K
  class space    used 13204K, committed 13504K, reserved 1048576K
}
Event: 13.392 GC heap before
{Heap before GC invocations=46 (full 0):
 garbage-first heap   total 176128K, used 145619K [0x0000000080000000, 0x0000000100000000)
  region size 1024K, 52 young (53248K), 1 survivors (1024K)
 Metaspace       used 98503K, committed 99200K, reserved 1179648K
  class space    used 13724K, committed 14080K, reserved 1048576K
}
Event: 13.395 GC heap after
{Heap after GC invocations=47 (full 0):
 garbage-first heap   total 176128K, used 96554K [0x0000000080000000, 0x0000000100000000)
  region size 1024K, 4 young (4096K), 4 survivors (4096K)
 Metaspace       used 98503K, committed 99200K, reserved 1179648K
  class space    used 13724K, committed 14080K, reserved 1048576K
}
Event: 13.870 GC heap before
{Heap before GC invocations=47 (full 0):
 garbage-first heap   total 176128K, used 144682K [0x0000000080000000, 0x0000000100000000)
  region size 1024K, 52 young (53248K), 4 survivors (4096K)
 Metaspace       used 100692K, committed 101504K, reserved 1179648K
  class space    used 14075K, committed 14464K, reserved 1048576K
}
Event: 13.876 GC heap after
{Heap after GC invocations=48 (full 0):
 garbage-first heap   total 176128K, used 103199K [0x0000000080000000, 0x0000000100000000)
  region size 1024K, 7 young (7168K), 7 survivors (7168K)
 Metaspace       used 100692K, committed 101504K, reserved 1179648K
  class space    used 14075K, committed 14464K, reserved 1048576K
}
Event: 14.128 GC heap before
{Heap before GC invocations=48 (full 0):
 garbage-first heap   total 176128K, used 143135K [0x0000000080000000, 0x0000000100000000)
  region size 1024K, 47 young (48128K), 7 survivors (7168K)
 Metaspace       used 101161K, committed 101952K, reserved 1179648K
  class space    used 14151K, committed 14528K, reserved 1048576K
}
Event: 14.132 GC heap after
{Heap after GC invocations=49 (full 0):
 garbage-first heap   total 176128K, used 105138K [0x0000000080000000, 0x0000000100000000)
  region size 1024K, 5 young (5120K), 5 survivors (5120K)
 Metaspace       used 101161K, committed 101952K, reserved 1179648K
  class space    used 14151K, committed 14528K, reserved 1048576K
}
Event: 14.472 GC heap before
{Heap before GC invocations=50 (full 0):
 garbage-first heap   total 181248K, used 144050K [0x0000000080000000, 0x0000000100000000)
  region size 1024K, 44 young (45056K), 5 survivors (5120K)
 Metaspace       used 101518K, committed 102272K, reserved 1179648K
  class space    used 14190K, committed 14528K, reserved 1048576K
}
Event: 14.476 GC heap after
{Heap after GC invocations=51 (full 0):
 garbage-first heap   total 181248K, used 106968K [0x0000000080000000, 0x0000000100000000)
  region size 1024K, 5 young (5120K), 5 survivors (5120K)
 Metaspace       used 101518K, committed 102272K, reserved 1179648K
  class space    used 14190K, committed 14528K, reserved 1048576K
}
Event: 14.486 GC heap before
{Heap before GC invocations=51 (full 0):
 garbage-first heap   total 181248K, used 110040K [0x0000000080000000, 0x0000000100000000)
  region size 1024K, 8 young (8192K), 5 survivors (5120K)
 Metaspace       used 101537K, committed 102272K, reserved 1179648K
  class space    used 14190K, committed 14528K, reserved 1048576K
}
Event: 14.488 GC heap after
{Heap after GC invocations=52 (full 0):
 garbage-first heap   total 181248K, used 105364K [0x0000000080000000, 0x0000000100000000)
  region size 1024K, 1 young (1024K), 1 survivors (1024K)
 Metaspace       used 101537K, committed 102272K, reserved 1179648K
  class space    used 14190K, committed 14528K, reserved 1048576K
}
Event: 14.733 GC heap before
{Heap before GC invocations=52 (full 0):
 garbage-first heap   total 181248K, used 149396K [0x0000000080000000, 0x0000000100000000)
  region size 1024K, 45 young (46080K), 1 survivors (1024K)
 Metaspace       used 101892K, committed 102656K, reserved 1179648K
  class space    used 14222K, committed 14592K, reserved 1048576K
}

