# JRE version: OpenJDK Runtime Environment (17.0.11) (build 17.0.11+0--11852314)
# Java VM: OpenJDK 64-Bit Server VM (17.0.11+0--11852314, mixed mode, tiered, compressed oops, compressed class ptrs, g1 gc, windows-amd64)
GC Precious Log:
 CPUs: 12 total, 12 available
 Memory: 14188M
 Large Page Support: Disabled
 NUMA Support: Disabled
 Compressed Oops: Enabled (Zero based)
 Heap Region Size: 2M
 Heap Min Capacity: 8M
 Heap Initial Capacity: 222M
 Heap Max Capacity: 3548M
 Pre-touch: Disabled
 Parallel Workers: 10
 Concurrent Workers: 3
 Concurrent Refinement Workers: 10
 Periodic GC: Disabled
Heap:
 garbage-first heap   total 143360K, used 80304K [0x0000000722400000, 0x0000000800000000)
  region size 2048K, 3 young (6144K), 3 survivors (6144K)
 Metaspace       used 69019K, committed 69312K, reserved 1114112K
  class space    used 7773K, committed 7936K, reserved 1048576K
GC Heap History (20 events):
Event: 3.169 GC heap after
{Heap after GC invocations=12 (full 0):
 garbage-first heap   total 81920K, used 33318K [0x0000000722400000, 0x0000000800000000)
  region size 2048K, 3 young (6144K), 3 survivors (6144K)
 Metaspace       used 51173K, committed 51392K, reserved 1114112K
  class space    used 6202K, committed 6272K, reserved 1048576K
}
Event: 3.289 GC heap before
{Heap before GC invocations=12 (full 0):
 garbage-first heap   total 81920K, used 59942K [0x0000000722400000, 0x0000000800000000)
  region size 2048K, 16 young (32768K), 3 survivors (6144K)
 Metaspace       used 51752K, committed 51968K, reserved 1114112K
  class space    used 6241K, committed 6336K, reserved 1048576K
}
Event: 3.297 GC heap after
{Heap after GC invocations=13 (full 0):
 garbage-first heap   total 108544K, used 34286K [0x0000000722400000, 0x0000000800000000)
  region size 2048K, 1 young (2048K), 1 survivors (2048K)
 Metaspace       used 51752K, committed 51968K, reserved 1114112K
  class space    used 6241K, committed 6336K, reserved 1048576K
}
Event: 3.923 GC heap before
{Heap before GC invocations=13 (full 0):
 garbage-first heap   total 108544K, used 79342K [0x0000000722400000, 0x0000000800000000)
  region size 2048K, 23 young (47104K), 1 survivors (2048K)
 Metaspace       used 53742K, committed 54016K, reserved 1114112K
  class space    used 6366K, committed 6464K, reserved 1048576K
}
Event: 3.936 GC heap after
{Heap after GC invocations=14 (full 0):
 garbage-first heap   total 108544K, used 42051K [0x0000000722400000, 0x0000000800000000)
  region size 2048K, 3 young (6144K), 3 survivors (6144K)
 Metaspace       used 53742K, committed 54016K, reserved 1114112K
  class space    used 6366K, committed 6464K, reserved 1048576K
}
Event: 4.474 GC heap before
{Heap before GC invocations=14 (full 0):
 garbage-first heap   total 108544K, used 78915K [0x0000000722400000, 0x0000000800000000)
  region size 2048K, 21 young (43008K), 3 survivors (6144K)
 Metaspace       used 55836K, committed 56064K, reserved 1114112K
  class space    used 6598K, committed 6720K, reserved 1048576K
}
Event: 4.490 GC heap after
{Heap after GC invocations=15 (full 0):
 garbage-first heap   total 108544K, used 48358K [0x0000000722400000, 0x0000000800000000)
  region size 2048K, 3 young (6144K), 3 survivors (6144K)
 Metaspace       used 55836K, committed 56064K, reserved 1114112K
  class space    used 6598K, committed 6720K, reserved 1048576K
}
Event: 5.043 GC heap before
{Heap before GC invocations=15 (full 0):
 garbage-first heap   total 108544K, used 81126K [0x0000000722400000, 0x0000000800000000)
  region size 2048K, 19 young (38912K), 3 survivors (6144K)
 Metaspace       used 57635K, committed 57920K, reserved 1114112K
  class space    used 6746K, committed 6848K, reserved 1048576K
}
Event: 5.058 GC heap after
{Heap after GC invocations=16 (full 0):
 garbage-first heap   total 108544K, used 53581K [0x0000000722400000, 0x0000000800000000)
  region size 2048K, 3 young (6144K), 3 survivors (6144K)
 Metaspace       used 57635K, committed 57920K, reserved 1114112K
  class space    used 6746K, committed 6848K, reserved 1048576K
}
Event: 5.572 GC heap before
{Heap before GC invocations=16 (full 0):
 garbage-first heap   total 108544K, used 76109K [0x0000000722400000, 0x0000000800000000)
  region size 2048K, 15 young (30720K), 3 survivors (6144K)
 Metaspace       used 58763K, committed 59008K, reserved 1114112K
  class space    used 6813K, committed 6912K, reserved 1048576K
}
Event: 5.586 GC heap after
{Heap after GC invocations=17 (full 0):
 garbage-first heap   total 143360K, used 56545K [0x0000000722400000, 0x0000000800000000)
  region size 2048K, 2 young (4096K), 2 survivors (4096K)
 Metaspace       used 58763K, committed 59008K, reserved 1114112K
  class space    used 6813K, committed 6912K, reserved 1048576K
}
Event: 5.954 GC heap before
{Heap before GC invocations=17 (full 0):
 garbage-first heap   total 143360K, used 107745K [0x0000000722400000, 0x0000000800000000)
  region size 2048K, 26 young (53248K), 2 survivors (4096K)
 Metaspace       used 58766K, committed 59008K, reserved 1114112K
  class space    used 6813K, committed 6912K, reserved 1048576K
}
Event: 5.960 GC heap after
{Heap after GC invocations=18 (full 0):
 garbage-first heap   total 143360K, used 62601K [0x0000000722400000, 0x0000000800000000)
  region size 2048K, 4 young (8192K), 4 survivors (8192K)
 Metaspace       used 58766K, committed 59008K, reserved 1114112K
  class space    used 6813K, committed 6912K, reserved 1048576K
}
Event: 6.017 GC heap before
{Heap before GC invocations=18 (full 0):
 garbage-first heap   total 143360K, used 107657K [0x0000000722400000, 0x0000000800000000)
  region size 2048K, 26 young (53248K), 4 survivors (8192K)
 Metaspace       used 58766K, committed 59008K, reserved 1114112K
  class space    used 6813K, committed 6912K, reserved 1048576K
}
Event: 6.025 GC heap after
{Heap after GC invocations=19 (full 0):
 garbage-first heap   total 143360K, used 67378K [0x0000000722400000, 0x0000000800000000)
  region size 2048K, 4 young (8192K), 4 survivors (8192K)
 Metaspace       used 58766K, committed 59008K, reserved 1114112K
  class space    used 6813K, committed 6912K, reserved 1048576K
}
Event: 6.915 GC heap before
{Heap before GC invocations=19 (full 0):
 garbage-first heap   total 143360K, used 106290K [0x0000000722400000, 0x0000000800000000)
  region size 2048K, 24 young (49152K), 4 survivors (8192K)
 Metaspace       used 59893K, committed 60096K, reserved 1114112K
  class space    used 6836K, committed 6912K, reserved 1048576K
}
Event: 6.925 GC heap after
{Heap after GC invocations=20 (full 0):
 garbage-first heap   total 143360K, used 72672K [0x0000000722400000, 0x0000000800000000)
  region size 2048K, 3 young (6144K), 3 survivors (6144K)
 Metaspace       used 59893K, committed 60096K, reserved 1114112K
  class space    used 6836K, committed 6912K, reserved 1048576K
}
Event: 7.651 GC heap before
{Heap before GC invocations=21 (full 0):
 garbage-first heap   total 143360K, used 111584K [0x0000000722400000, 0x0000000800000000)
  region size 2048K, 22 young (45056K), 3 survivors (6144K)
 Metaspace       used 64944K, committed 65152K, reserved 1114112K
  class space    used 7323K, committed 7424K, reserved 1048576K
}
Event: 7.658 GC heap after
{Heap after GC invocations=22 (full 0):
 garbage-first heap   total 143360K, used 75680K [0x0000000722400000, 0x0000000800000000)
  region size 2048K, 2 young (4096K), 2 survivors (4096K)
 Metaspace       used 64944K, committed 65152K, reserved 1114112K
  class space    used 7323K, committed 7424K, reserved 1048576K
}
Event: 8.317 GC heap before
{Heap before GC invocations=22 (full 0):
 garbage-first heap   total 143360K, used 114592K [0x0000000722400000, 0x0000000800000000)
  region size 2048K, 21 young (43008K), 2 survivors (4096K)
 Metaspace       used 69019K, committed 69312K, reserved 1114112K
  class space    used 7773K, committed 7936K, reserved 1048576K
}

